16:40:50.375 Gauge Install ID: c9f7b88c-dbac-431e-89f4-ecf3f0f51e43
16:43:19.583 Gauge Install ID: c9f7b88c-dbac-431e-89f4-ecf3f0f51e43
16:46:45.653 Gauge Install ID: c9f7b88c-dbac-431e-89f4-ecf3f0f51e43
16:46:46.188 Gathering metadata for js
16:46:48.547 Downloading gauge-js-2.0.2.zip
16:46:57.371 Installing plugin js 2.0.2
16:46:58.206 Successfully installed plugin 'js'.
16:47:03.602 Gauge Install ID: c9f7b88c-dbac-431e-89f4-ecf3f0f51e43
16:47:04.108 Gathering metadata for html-report
16:47:06.716 Downloading html-report-4.0.3-windows.x86_64.zip
16:47:13.444 Installing plugin html-report 4.0.3
16:47:13.617 Successfully installed plugin 'html-report'.
16:47:13.618 Plugin Html Report is already added.
16:48:30.834 Gauge Install ID: c9f7b88c-dbac-431e-89f4-ecf3f0f51e43
16:49:29.399 Gauge Install ID: c9f7b88c-dbac-431e-89f4-ecf3f0f51e43
16:49:50.547 Gauge Install ID: c9f7b88c-dbac-431e-89f4-ecf3f0f51e43
16:49:51.779 The following specifications satisfy filter criteria:
16:49:51.779 specs\rest\posts.ws.md
16:49:53.529 Checking updates...
16:49:55.902 # Posts retrieval tests
16:49:55.905 ## Get posts with and without id
16:49:55.908 * Get posts and verify that response is non-null
16:49:57.596 * Get posts with "2" and verify that response is non-null

16:49:59.935 ## Add post successfully
16:49:59.936 * Add post from "add_post_test.json" and verify that response is non-null
16:50:01.631 Plugin [Html Report] with pid [11148] has exited
16:50:01.732 Specifications:	1 executed	1 passed	0 failed	0 skipped
16:50:01.732 Scenarios:	2 executed	2 passed	0 failed	0 skipped
16:50:01.732 
Total time taken: 5.74s
16:50:01.732 Updates are available. Run `gauge update -c` for more info.
16:50:23.130 Gauge Install ID: c9f7b88c-dbac-431e-89f4-ecf3f0f51e43
16:50:24.041 The following specifications satisfy filter criteria:
16:50:24.041 specs\ui\google.search.md
16:50:25.432 # Search terms on google
16:50:25.436 ## Search on google page with term "Amazon"
16:50:25.438 * Open "chrome" Browser

16:50:25.463 * Search term "Amazon" and expect "Amazon.in" as first result on google page

16:50:25.721 Checking updates...
16:50:29.778 
Failed Step: Search term "Amazon" and expect "Amazon.in" as first result on google page
16:50:29.778 Error Message: Error: connect ECONNREFUSED 127.0.0.1:4444
16:50:29.778 Specification: specs\ui\google.search.md:9
16:50:29.778 Stacktrace: 
Error: Couldn't connect to selenium server
    at url("https://www.google.co.in/") - D:\TCOE\TCOE_Practice\TCoE-Automation-Workspace\Agnes\ui_page_objects\page.js:21:37
16:50:29.778 * Close Browser
16:52:59.734 Gauge Install ID: c9f7b88c-dbac-431e-89f4-ecf3f0f51e43
16:53:00.762 The following specifications satisfy filter criteria:
16:53:00.762 specs\ui\google.search.md
16:53:02.164 # Search terms on google
16:53:02.167 ## Search on google page with term "Amazon"
16:53:02.169 * Open "chrome" Browser

16:53:02.193 * Search term "Amazon" and expect "Amazon.in" as first result on google page

16:53:02.425 Checking updates...
16:53:11.053 
Failed Step: Search term "Amazon" and expect "Amazon.in" as first result on google page
16:53:11.053 Error Message: AssertionError: expected 'Amazon.in' to equal 'Amazon India'
16:53:11.053 Specification: specs\ui\google.search.md:9
16:53:11.053 Stacktrace: 
AssertionError: expected 'Amazon.in' to equal 'Amazon India'
    at Object.<anonymous> (tests\google.search.step.js:42:25)
    at Object.exec (D:\TCOE\TCOE_Practice\TCoE-Automation-Workspace\Agnes\node_modules\webdriverio\build\lib\helpers\safeExecute.js:28:24)
    at Object.resolve (D:\TCOE\TCOE_Practice\TCoE-Automation-Workspace\Agnes\node_modules\webdriverio\build\lib\webdriverio.js:191:29)
    at D:\TCOE\TCOE_Practice\TCoE-Automation-Workspace\Agnes\node_modules\webdriverio\build\lib\webdriverio.js:540:32
    at _fulfilled (D:\TCOE\TCOE_Practice\TCoE-Automation-Workspace\Agnes\node_modules\q\q.js:854:54)
    at self.promiseDispatch.done (D:\TCOE\TCOE_Practice\TCoE-Automation-Workspace\Agnes\node_modules\q\q.js:883:30)
    at Promise.promise.promiseDispatch (D:\TCOE\TCOE_Practice\TCoE-Automation-Workspace\Agnes\node_modules\q\q.js:816:13)
    at D:\TCOE\TCOE_Practice\TCoE-Automation-Workspace\Agnes\node_modules\q\q.js:624:44
    at runSingle (D:\TCOE\TCOE_Practice\TCoE-Automation-Workspace\Agnes\node_modules\q\q.js:137:13)
    at flush (D:\TCOE\TCOE_Practice\TCoE-Automation-Workspace\Agnes\node_modules\q\q.js:125:13)
16:53:11.053 * Close Browser
16:53:11.168 ## Search on google page with term "@#$@FWFW@@#"
16:53:11.169 * Open "chrome" Browser

16:53:11.176 * Search term "@#$#@$@$@" and expect "Amazon.in" as first result on google page

16:53:23.460 
Failed Step: Search term "@#$#@$@$@" and expect "Amazon.in" as first result on google page
16:53:23.460 Error Message: Error: An element could not be located on the page using the given search parameters ("h3.r a").
16:53:23.460 Specification: specs\ui\google.search.md:12
16:53:23.460 Stacktrace: 
Error: An element could not be located on the page using the given search parameters ("h3.r a").
    at getText() - D:\TCOE\TCOE_Practice\TCoE-Automation-Workspace\Agnes\ui_page_objects\googlehome.page.js:61:34
16:53:23.460 * Close Browser
16:53:23.651 Plugin [Html Report] with pid [3848] has exited
16:53:23.752 Specifications:	1 executed	0 passed	1 failed	0 skipped
16:53:23.752 Scenarios:	2 executed	0 passed	2 failed	0 skipped
16:53:23.752 
Total time taken: 21.444s
16:53:23.752 Updates are available. Run `gauge update -c` for more info.
16:55:29.994 
Failed Step: Close Browser
16:55:29.994 Error Message: Error: Timed out
16:55:29.994 Specification: specs\ui\google.search.md:16
16:55:29.994 Stacktrace: 
Error: Timed out
    at Timeout.<anonymous> (C:\Users\anup.manekar\AppData\Roaming\gauge\plugins\js\2.0.2\src\test.js:42:23)
    at ontimeout (timers.js:478:11)
    at tryOnTimeout (timers.js:302:5)
    at Timer.listOnTimeout (timers.js:262:5)
16:55:29.995 ## Search on google page with term "@#$@FWFW@@#"
16:55:29.996 * Open "chrome" Browser

16:55:30.001 * Search term "@#$#@$@$@" and expect "Amazon.in" as first result on google page

16:55:36.735 
Failed Step: Search term "@#$#@$@$@" and expect "Amazon.in" as first result on google page
16:55:36.735 Error Message: Error: An element could not be located on the page using the given search parameters ("h3.r a").
16:55:36.735 Specification: specs\ui\google.search.md:12
16:55:36.735 Stacktrace: 
Error: An element could not be located on the page using the given search parameters ("h3.r a").
    at getText() - D:\TCOE\TCOE_Practice\TCoE-Automation-Workspace\Agnes\ui_page_objects\googlehome.page.js:61:34
16:55:36.735 * Close Browser
16:55:36.919 Plugin [Html Report] with pid [13056] has exited
16:55:37.020 Specifications:	1 executed	0 passed	1 failed	0 skipped
16:55:37.020 Scenarios:	2 executed	0 passed	2 failed	0 skipped
16:55:37.020 
Total time taken: 5m11.441s
16:55:37.020 Updates are available. Run `gauge update -c` for more info.
18:16:08.820 Gauge Install ID: c9f7b88c-dbac-431e-89f4-ecf3f0f51e43
18:16:10.748 The following specifications satisfy filter criteria:
18:16:10.748 specs\ui\google.search.md
18:16:11.338 Checking updates...
18:16:16.950 # Search terms on google
18:16:16.953 ## Search on google page with term "Amazon"
18:16:16.955 * Open "chrome" Browser

18:16:16.978 * Search term "Amazon" and expect "Amazon.in" as first result on google page

18:16:31.445 
Failed Step: Search term "Amazon" and expect "Amazon.in" as first result on google page
18:16:31.445 Error Message: AssertionError: expected 'Amazon.in' to equal 'Amazon India'
18:16:31.445 Specification: specs\ui\google.search.md:9
18:16:31.445 Stacktrace: 
AssertionError: expected 'Amazon.in' to equal 'Amazon India'
    at Object.<anonymous> (tests\google.search.step.js:42:25)
    at Object.exec (D:\TCOE\TCOE_Practice\TCoE-Automation-Workspace\Agnes\node_modules\webdriverio\build\lib\helpers\safeExecute.js:28:24)
    at Object.resolve (D:\TCOE\TCOE_Practice\TCoE-Automation-Workspace\Agnes\node_modules\webdriverio\build\lib\webdriverio.js:191:29)
    at D:\TCOE\TCOE_Practice\TCoE-Automation-Workspace\Agnes\node_modules\webdriverio\build\lib\webdriverio.js:540:32
    at _fulfilled (D:\TCOE\TCOE_Practice\TCoE-Automation-Workspace\Agnes\node_modules\q\q.js:854:54)
    at self.promiseDispatch.done (D:\TCOE\TCOE_Practice\TCoE-Automation-Workspace\Agnes\node_modules\q\q.js:883:30)
    at Promise.promise.promiseDispatch (D:\TCOE\TCOE_Practice\TCoE-Automation-Workspace\Agnes\node_modules\q\q.js:816:13)
    at D:\TCOE\TCOE_Practice\TCoE-Automation-Workspace\Agnes\node_modules\q\q.js:624:44
    at runSingle (D:\TCOE\TCOE_Practice\TCoE-Automation-Workspace\Agnes\node_modules\q\q.js:137:13)
    at flush (D:\TCOE\TCOE_Practice\TCoE-Automation-Workspace\Agnes\node_modules\q\q.js:125:13)
18:16:31.445 * Close Browser
18:16:31.544 ## Search on google page with term "@#$@FWFW@@#"
18:16:31.545 * Open "chrome" Browser

18:16:31.556 * Search term "@#$#@$@$@" and expect "Amazon.in" as first result on google page

18:16:39.548 
Failed Step: Search term "@#$#@$@$@" and expect "Amazon.in" as first result on google page
18:16:39.548 Error Message: Error: An element could not be located on the page using the given search parameters ("h3.r a").
18:16:39.548 Specification: specs\ui\google.search.md:12
18:16:39.548 Stacktrace: 
Error: An element could not be located on the page using the given search parameters ("h3.r a").
    at getText() - D:\TCOE\TCOE_Practice\TCoE-Automation-Workspace\Agnes\ui_page_objects\googlehome.page.js:61:34
18:16:39.548 * Close Browser
18:16:39.751 Plugin [Html Report] with pid [7208] has exited
18:16:39.851 Specifications:	1 executed	0 passed	1 failed	0 skipped
18:16:39.851 Scenarios:	2 executed	0 passed	2 failed	0 skipped
18:16:39.851 
Total time taken: 22.869s
18:16:39.851 Updates are available. Run `gauge update -c` for more info.
18:17:43.121 Gauge Install ID: c9f7b88c-dbac-431e-89f4-ecf3f0f51e43
18:17:43.872 The following specifications satisfy filter criteria:
18:17:43.872 specs\ui\google.search.md
18:17:44.724 Checking updates...
18:17:45.297 # Search terms on google
18:17:45.300 ## Search on google page with term "Amazon"
18:17:45.302 * Open "chrome" Browser

18:17:45.328 * Search term "Amazon" and expect "Amazon India" as first result on google page

18:17:52.308 * Close Browser
18:17:52.385 ## Search on google page with term "@#$@FWFW@@#"
18:17:52.386 * Open "chrome" Browser

18:17:52.391 * Search term "@#$#@$@$@" and expect "Amazon.in" as first result on google page

18:17:59.900 
Failed Step: Search term "@#$#@$@$@" and expect "Amazon.in" as first result on google page
18:17:59.900 Error Message: Error: An element could not be located on the page using the given search parameters ("h3.r a").
18:17:59.900 Specification: specs\ui\google.search.md:12
18:17:59.900 Stacktrace: 
Error: An element could not be located on the page using the given search parameters ("h3.r a").
    at getText() - D:\TCOE\TCOE_Practice\TCoE-Automation-Workspace\Agnes\ui_page_objects\googlehome.page.js:61:34
18:17:59.900 * Close Browser
18:18:00.100 Plugin [Html Report] with pid [6336] has exited
18:18:00.200 Specifications:	1 executed	0 passed	1 failed	0 skipped
18:18:00.200 Scenarios:	2 executed	1 passed	1 failed	0 skipped
18:18:00.200 
Total time taken: 14.768s
18:18:00.200 Updates are available. Run `gauge update -c` for more info.
20:37:38.064 Gauge Install ID: c9f7b88c-dbac-431e-89f4-ecf3f0f51e43
20:37:39.522 The following specifications satisfy filter criteria:
20:37:39.522 specs\ui\google.search.md
20:37:40.218 Checking updates...
20:37:57.152 Error starting plugin Html Report 4.0.3. Failed to connect to plugin. Timed out connecting to [::]:56225
20:37:57.183 # Search terms on google
20:37:57.195 ## Search on google page with term "Amazon"
20:37:57.207 * Open "chrome" Browser

20:37:57.263 * Search term "Amazon" and expect "Amazon India" as first result on google page

20:38:08.032 
Failed Step: Search term "Amazon" and expect "Amazon India" as first result on google page
20:38:08.032 Error Message: AssertionError: expected 'Amazon India' to equal 'Amazon.in'
20:38:08.032 Specification: specs\ui\google.search.md:9
20:38:08.032 Stacktrace: 
AssertionError: expected 'Amazon India' to equal 'Amazon.in'
    at Object.<anonymous> (tests\google.search.step.js:42:25)
    at Object.exec (D:\TCOE\TCOE Practice\TCoE-Automation-Workspace\Agnes\node_modules\webdriverio\build\lib\helpers\safeExecute.js:28:24)
    at Object.resolve (D:\TCOE\TCOE Practice\TCoE-Automation-Workspace\Agnes\node_modules\webdriverio\build\lib\webdriverio.js:191:29)
    at D:\TCOE\TCOE Practice\TCoE-Automation-Workspace\Agnes\node_modules\webdriverio\build\lib\webdriverio.js:540:32
    at _fulfilled (D:\TCOE\TCOE Practice\TCoE-Automation-Workspace\Agnes\node_modules\q\q.js:854:54)
    at self.promiseDispatch.done (D:\TCOE\TCOE Practice\TCoE-Automation-Workspace\Agnes\node_modules\q\q.js:883:30)
    at Promise.promise.promiseDispatch (D:\TCOE\TCOE Practice\TCoE-Automation-Workspace\Agnes\node_modules\q\q.js:816:13)
    at D:\TCOE\TCOE Practice\TCoE-Automation-Workspace\Agnes\node_modules\q\q.js:624:44
    at runSingle (D:\TCOE\TCOE Practice\TCoE-Automation-Workspace\Agnes\node_modules\q\q.js:137:13)
    at flush (D:\TCOE\TCOE Practice\TCoE-Automation-Workspace\Agnes\node_modules\q\q.js:125:13)
20:38:08.032 * Close Browser
20:38:08.132 ## Search on google page with term "@#$@FWFW@@#"
20:38:08.135 * Open "chrome" Browser

20:38:08.140 * Search term "@#$#@$@$@" and expect "Amazon.in" as first result on google page

20:38:15.190 
Failed Step: Search term "@#$#@$@$@" and expect "Amazon.in" as first result on google page
20:38:15.190 Error Message: Error: An element could not be located on the page using the given search parameters ("h3.r a").
20:38:15.190 Specification: specs\ui\google.search.md:12
20:38:15.190 Stacktrace: 
Error: An element could not be located on the page using the given search parameters ("h3.r a").
    at getText() - D:\TCOE\TCOE Practice\TCoE-Automation-Workspace\Agnes\ui_page_objects\googlehome.page.js:61:34
20:38:15.190 * Close Browser
20:38:15.382 Specifications:	1 executed	0 passed	1 failed	0 skipped
20:38:15.382 Scenarios:	2 executed	0 passed	2 failed	0 skipped
20:38:15.382 
Total time taken: 28.268s
20:38:15.382 Updates are available. Run `gauge update -c` for more info.
21:05:22.024 Gauge Install ID: c9f7b88c-dbac-431e-89f4-ecf3f0f51e43
21:05:22.999 The following specifications satisfy filter criteria:
21:05:22.999 specs\ui\google.search.md
21:05:24.382 Error starting plugin Html Report 4.0.3. exec: "C:\\Users\\anup.manekar\\AppData\\Roaming\\gauge\\plugins\\html-report\\4.0.3\\bin\\html-report": file does not exist
21:05:24.388 # Search terms on google
21:05:24.393 ## Search on google page with term "Amazon"
21:05:24.396 * Open "chrome" Browser

21:05:24.427 * Search term "Amazon" and expect "Amazon India" as first result on google page

21:05:32.407 
Failed Step: Search term "Amazon" and expect "Amazon India" as first result on google page
21:05:32.407 Error Message: AssertionError: expected 'Amazon India' to equal 'Amazon.in'
21:05:32.407 Specification: specs\ui\google.search.md:9
21:05:32.407 Stacktrace: 
AssertionError: expected 'Amazon India' to equal 'Amazon.in'
    at Object.<anonymous> (tests\google.search.step.js:42:25)
    at Object.exec (D:\TCOE\TCOE Practice\TCoE-Automation-Workspace\Agnes\node_modules\webdriverio\build\lib\helpers\safeExecute.js:28:24)
    at Object.resolve (D:\TCOE\TCOE Practice\TCoE-Automation-Workspace\Agnes\node_modules\webdriverio\build\lib\webdriverio.js:191:29)
    at D:\TCOE\TCOE Practice\TCoE-Automation-Workspace\Agnes\node_modules\webdriverio\build\lib\webdriverio.js:540:32
    at _fulfilled (D:\TCOE\TCOE Practice\TCoE-Automation-Workspace\Agnes\node_modules\q\q.js:854:54)
    at self.promiseDispatch.done (D:\TCOE\TCOE Practice\TCoE-Automation-Workspace\Agnes\node_modules\q\q.js:883:30)
    at Promise.promise.promiseDispatch (D:\TCOE\TCOE Practice\TCoE-Automation-Workspace\Agnes\node_modules\q\q.js:816:13)
    at D:\TCOE\TCOE Practice\TCoE-Automation-Workspace\Agnes\node_modules\q\q.js:624:44
    at runSingle (D:\TCOE\TCOE Practice\TCoE-Automation-Workspace\Agnes\node_modules\q\q.js:137:13)
    at flush (D:\TCOE\TCOE Practice\TCoE-Automation-Workspace\Agnes\node_modules\q\q.js:125:13)
21:05:32.407 * Close Browser
21:05:32.483 ## Search on google page with term "@#$@FWFW@@#"
21:05:32.490 * Open "chrome" Browser

21:05:32.497 * Search term "@#$#@$@$@" and expect "Amazon.in" as first result on google page

21:05:33.887 Checking updates...
21:05:45.127 
Failed Step: Search term "@#$#@$@$@" and expect "Amazon.in" as first result on google page
21:05:45.127 Error Message: Error: An element could not be located on the page using the given search parameters ("h3.r a").
21:05:45.127 Specification: specs\ui\google.search.md:12
21:05:45.127 Stacktrace: 
Error: An element could not be located on the page using the given search parameters ("h3.r a").
    at getText() - D:\TCOE\TCOE Practice\TCoE-Automation-Workspace\Agnes\ui_page_objects\googlehome.page.js:61:34
21:05:45.127 * Close Browser
21:05:45.315 Specifications:	1 executed	0 passed	1 failed	0 skipped
21:05:45.315 Scenarios:	2 executed	0 passed	2 failed	0 skipped
21:05:45.315 
Total time taken: 20.831s
21:05:45.315 Updates are available. Run `gauge update -c` for more info.
21:10:38.998 Gauge Install ID: c9f7b88c-dbac-431e-89f4-ecf3f0f51e43
21:10:40.115 The following specifications satisfy filter criteria:
21:10:40.115 specs\ui\google.search.md
21:10:41.507 Error starting plugin Html Report 4.0.3. exec: "C:\\Users\\anup.manekar\\AppData\\Roaming\\gauge\\plugins\\html-report\\4.0.3\\bin\\html-report": file does not exist
21:10:41.513 # Search terms on google
21:10:41.518 ## Search on google page with term "Amazon"
21:10:41.521 * Open "chrome" Browser

21:10:41.552 * Search term "Amazon" and expect "Amazon India" as first result on google page

21:10:42.146 Checking updates...
21:10:55.504 
Failed Step: Search term "Amazon" and expect "Amazon India" as first result on google page
21:10:55.504 Error Message: AssertionError: expected 'Amazon India' to equal 'Amazon.in'
21:10:55.504 Specification: specs\ui\google.search.md:9
21:10:55.504 Stacktrace: 
AssertionError: expected 'Amazon India' to equal 'Amazon.in'
    at Object.<anonymous> (tests\google.search.step.js:42:25)
    at Object.exec (D:\TCOE\TCOE Practice\TCoE-Automation-Workspace\Agnes\node_modules\webdriverio\build\lib\helpers\safeExecute.js:28:24)
    at Object.resolve (D:\TCOE\TCOE Practice\TCoE-Automation-Workspace\Agnes\node_modules\webdriverio\build\lib\webdriverio.js:191:29)
    at D:\TCOE\TCOE Practice\TCoE-Automation-Workspace\Agnes\node_modules\webdriverio\build\lib\webdriverio.js:540:32
    at _fulfilled (D:\TCOE\TCOE Practice\TCoE-Automation-Workspace\Agnes\node_modules\q\q.js:854:54)
    at self.promiseDispatch.done (D:\TCOE\TCOE Practice\TCoE-Automation-Workspace\Agnes\node_modules\q\q.js:883:30)
    at Promise.promise.promiseDispatch (D:\TCOE\TCOE Practice\TCoE-Automation-Workspace\Agnes\node_modules\q\q.js:816:13)
    at D:\TCOE\TCOE Practice\TCoE-Automation-Workspace\Agnes\node_modules\q\q.js:624:44
    at runSingle (D:\TCOE\TCOE Practice\TCoE-Automation-Workspace\Agnes\node_modules\q\q.js:137:13)
    at flush (D:\TCOE\TCOE Practice\TCoE-Automation-Workspace\Agnes\node_modules\q\q.js:125:13)
21:10:55.504 * Close Browser
21:10:55.585 ## Search on google page with term "@#$@FWFW@@#"
21:10:55.587 * Open "chrome" Browser

21:10:55.593 * Search term "@#$#@$@$@" and expect "Amazon.in" as first result on google page

21:11:06.425 
Failed Step: Search term "@#$#@$@$@" and expect "Amazon.in" as first result on google page
21:11:06.425 Error Message: Error: An element could not be located on the page using the given search parameters ("h3.r a").
21:11:06.425 Specification: specs\ui\google.search.md:12
21:11:06.425 Stacktrace: 
Error: An element could not be located on the page using the given search parameters ("h3.r a").
    at getText() - D:\TCOE\TCOE Practice\TCoE-Automation-Workspace\Agnes\ui_page_objects\googlehome.page.js:61:34
21:11:06.426 * Close Browser
21:11:06.604 Specifications:	1 executed	0 passed	1 failed	0 skipped
21:11:06.604 Scenarios:	2 executed	0 passed	2 failed	0 skipped
21:11:06.604 
Total time taken: 24.994s
21:11:06.604 Updates are available. Run `gauge update -c` for more info.
21:11:59.640 Gauge Install ID: c9f7b88c-dbac-431e-89f4-ecf3f0f51e43
21:12:01.407 Checking updates...
21:12:02.741 java      		0.6.6     	Run 'gauge update java'
21:12:02.741 js        		2.0.2     	Run 'gauge update js'
21:12:09.745 Gauge Install ID: c9f7b88c-dbac-431e-89f4-ecf3f0f51e43
21:12:11.376 The following specifications satisfy filter criteria:
21:12:11.377 specs\ui\google.search.md
21:12:11.849 Checking updates...
21:12:12.793 Error starting plugin Html Report 4.0.3. exec: "C:\\Users\\anup.manekar\\AppData\\Roaming\\gauge\\plugins\\html-report\\4.0.3\\bin\\html-report": file does not exist
21:12:12.800 # Search terms on google
21:12:12.803 ## Search on google page with term "Amazon"
21:12:12.806 * Open "chrome" Browser

21:12:12.837 * Search term "Amazon" and expect "Amazon India" as first result on google page

21:12:20.884 
Failed Step: Search term "Amazon" and expect "Amazon India" as first result on google page
21:12:20.884 Error Message: AssertionError: expected 'Amazon India' to equal 'Amazon.in'
21:12:20.884 Specification: specs\ui\google.search.md:9
21:12:20.884 Stacktrace: 
AssertionError: expected 'Amazon India' to equal 'Amazon.in'
    at Object.<anonymous> (tests\google.search.step.js:42:25)
    at Object.exec (D:\TCOE\TCOE Practice\TCoE-Automation-Workspace\Agnes\node_modules\webdriverio\build\lib\helpers\safeExecute.js:28:24)
    at Object.resolve (D:\TCOE\TCOE Practice\TCoE-Automation-Workspace\Agnes\node_modules\webdriverio\build\lib\webdriverio.js:191:29)
    at D:\TCOE\TCOE Practice\TCoE-Automation-Workspace\Agnes\node_modules\webdriverio\build\lib\webdriverio.js:540:32
    at _fulfilled (D:\TCOE\TCOE Practice\TCoE-Automation-Workspace\Agnes\node_modules\q\q.js:854:54)
    at self.promiseDispatch.done (D:\TCOE\TCOE Practice\TCoE-Automation-Workspace\Agnes\node_modules\q\q.js:883:30)
    at Promise.promise.promiseDispatch (D:\TCOE\TCOE Practice\TCoE-Automation-Workspace\Agnes\node_modules\q\q.js:816:13)
    at D:\TCOE\TCOE Practice\TCoE-Automation-Workspace\Agnes\node_modules\q\q.js:624:44
    at runSingle (D:\TCOE\TCOE Practice\TCoE-Automation-Workspace\Agnes\node_modules\q\q.js:137:13)
    at flush (D:\TCOE\TCOE Practice\TCoE-Automation-Workspace\Agnes\node_modules\q\q.js:125:13)
21:12:20.884 * Close Browser
21:12:20.965 ## Search on google page with term "@#$@FWFW@@#"
21:12:20.967 * Open "chrome" Browser

21:12:20.976 * Search term "@#$#@$@$@" and expect "Amazon.in" as first result on google page

21:12:29.880 
Failed Step: Search term "@#$#@$@$@" and expect "Amazon.in" as first result on google page
21:12:29.880 Error Message: Error: An element could not be located on the page using the given search parameters ("h3.r a").
21:12:29.880 Specification: specs\ui\google.search.md:12
21:12:29.880 Stacktrace: 
Error: An element could not be located on the page using the given search parameters ("h3.r a").
    at getText() - D:\TCOE\TCOE Practice\TCoE-Automation-Workspace\Agnes\ui_page_objects\googlehome.page.js:61:34
21:12:29.880 * Close Browser
21:12:30.068 Specifications:	1 executed	0 passed	1 failed	0 skipped
21:12:30.068 Scenarios:	2 executed	0 passed	2 failed	0 skipped
21:12:30.068 
Total time taken: 17.172s
21:12:30.068 Updates are available. Run `gauge update -c` for more info.
21:12:36.429 Gauge Install ID: c9f7b88c-dbac-431e-89f4-ecf3f0f51e43
21:12:38.169 Checking updates...
21:12:39.411 java      		0.6.6     	Run 'gauge update java'
21:12:39.411 js        		2.0.2     	Run 'gauge update js'
21:12:46.128 Gauge Install ID: c9f7b88c-dbac-431e-89f4-ecf3f0f51e43
21:12:46.537 Gathering metadata for js
21:12:47.803 Plugin js 2.0.2 is already installed.
21:13:58.056 Gauge Install ID: c9f7b88c-dbac-431e-89f4-ecf3f0f51e43
21:13:59.196 The following specifications satisfy filter criteria:
21:13:59.196 specs\ui\google.search.md
21:14:00.189 Checking updates...
21:14:00.653 Error starting plugin Html Report 4.0.3. exec: "C:\\Users\\anup.manekar\\AppData\\Roaming\\gauge\\plugins\\html-report\\4.0.3\\bin\\html-report": file does not exist
21:14:00.660 # Search terms on google
21:14:00.663 ## Search on google page with term "Amazon"
21:14:00.666 * Open "chrome" Browser

21:14:00.692 * Search term "Amazon" and expect "Amazon India" as first result on google page

21:14:10.176 
Failed Step: Search term "Amazon" and expect "Amazon India" as first result on google page
21:14:10.176 Error Message: AssertionError: expected 'Amazon India' to equal 'Amazon.in'
21:14:10.176 Specification: specs\ui\google.search.md:9
21:14:10.176 Stacktrace: 
AssertionError: expected 'Amazon India' to equal 'Amazon.in'
    at Object.<anonymous> (tests\google.search.step.js:42:25)
    at Object.exec (D:\TCOE\TCOE Practice\TCoE-Automation-Workspace\Agnes\node_modules\webdriverio\build\lib\helpers\safeExecute.js:28:24)
    at Object.resolve (D:\TCOE\TCOE Practice\TCoE-Automation-Workspace\Agnes\node_modules\webdriverio\build\lib\webdriverio.js:191:29)
    at D:\TCOE\TCOE Practice\TCoE-Automation-Workspace\Agnes\node_modules\webdriverio\build\lib\webdriverio.js:540:32
    at _fulfilled (D:\TCOE\TCOE Practice\TCoE-Automation-Workspace\Agnes\node_modules\q\q.js:854:54)
    at self.promiseDispatch.done (D:\TCOE\TCOE Practice\TCoE-Automation-Workspace\Agnes\node_modules\q\q.js:883:30)
    at Promise.promise.promiseDispatch (D:\TCOE\TCOE Practice\TCoE-Automation-Workspace\Agnes\node_modules\q\q.js:816:13)
    at D:\TCOE\TCOE Practice\TCoE-Automation-Workspace\Agnes\node_modules\q\q.js:624:44
    at runSingle (D:\TCOE\TCOE Practice\TCoE-Automation-Workspace\Agnes\node_modules\q\q.js:137:13)
    at flush (D:\TCOE\TCOE Practice\TCoE-Automation-Workspace\Agnes\node_modules\q\q.js:125:13)
21:14:10.176 * Close Browser
21:14:10.271 ## Search on google page with term "@#$@FWFW@@#"
21:14:10.273 * Open "chrome" Browser

21:14:10.280 * Search term "@#$#@$@$@" and expect "Amazon.in" as first result on google page

21:14:21.392 
Failed Step: Search term "@#$#@$@$@" and expect "Amazon.in" as first result on google page
21:14:21.392 Error Message: Error: An element could not be located on the page using the given search parameters ("h3.r a").
21:14:21.392 Specification: specs\ui\google.search.md:12
21:14:21.392 Stacktrace: 
Error: An element could not be located on the page using the given search parameters ("h3.r a").
    at getText() - D:\TCOE\TCOE Practice\TCoE-Automation-Workspace\Agnes\ui_page_objects\googlehome.page.js:61:34
21:14:21.392 * Close Browser
21:14:21.595 Specifications:	1 executed	0 passed	1 failed	0 skipped
21:14:21.595 Scenarios:	2 executed	0 passed	2 failed	0 skipped
21:14:21.595 
Total time taken: 20.84s
21:14:21.595 Updates are available. Run `gauge update -c` for more info.
21:15:35.581 Gauge Install ID: c9f7b88c-dbac-431e-89f4-ecf3f0f51e43
21:15:37.368 Checking updates...
21:15:39.826 java      		0.6.6     	Run 'gauge update java'
21:15:39.826 js        		2.0.2     	Run 'gauge update js'
21:15:49.014 Gauge Install ID: c9f7b88c-dbac-431e-89f4-ecf3f0f51e43
21:15:49.460 Gathering metadata for js
21:15:52.532 Plugin js 2.0.2 is already installed.
21:15:54.629 Gauge Install ID: c9f7b88c-dbac-431e-89f4-ecf3f0f51e43
21:15:56.313 Checking updates...
21:15:57.544 java      		0.6.6     	Run 'gauge update java'
21:15:57.545 js        		2.0.2     	Run 'gauge update js'
21:21:18.627 Gauge Install ID: c9f7b88c-dbac-431e-89f4-ecf3f0f51e43
21:21:19.188 Gathering metadata for js
21:21:20.929 Plugin js 2.0.2 is already installed.
21:21:28.177 Gauge Install ID: c9f7b88c-dbac-431e-89f4-ecf3f0f51e43
21:21:28.443 Gathering metadata for html-report
21:21:29.837 Plugin html-report 4.0.3 is already installed.
21:21:29.841 Plugin Html Report is already added.
21:22:35.488 Gauge Install ID: c9f7b88c-dbac-431e-89f4-ecf3f0f51e43
21:22:36.490 Unable to send analytics data, timed out
21:22:37.321 The following specifications satisfy filter criteria:
21:22:37.321 specs\ui\google.search.md
21:22:38.867 Error starting plugin Html Report 4.0.3. exec: "C:\\Users\\anup.manekar\\AppData\\Roaming\\gauge\\plugins\\html-report\\4.0.3\\bin\\html-report": file does not exist
21:22:38.876 # Search terms on google
21:22:38.881 ## Search on google page with term "Amazon"
21:22:38.884 * Open "chrome" Browser

21:22:38.920 * Search term "Amazon" and expect "Amazon India" as first result on google page

21:22:39.971 Checking updates...
21:22:47.218 
Failed Step: Search term "Amazon" and expect "Amazon India" as first result on google page
21:22:47.218 Error Message: AssertionError: expected 'Amazon India' to equal 'Amazon.in'
21:22:47.218 Specification: specs\ui\google.search.md:9
21:22:47.218 Stacktrace: 
AssertionError: expected 'Amazon India' to equal 'Amazon.in'
    at Object.<anonymous> (tests\google.search.step.js:42:25)
    at Object.exec (D:\TCOE\TCOE Practice\TCoE-Automation-Workspace\Agnes\node_modules\webdriverio\build\lib\helpers\safeExecute.js:28:24)
    at Object.resolve (D:\TCOE\TCOE Practice\TCoE-Automation-Workspace\Agnes\node_modules\webdriverio\build\lib\webdriverio.js:191:29)
    at D:\TCOE\TCOE Practice\TCoE-Automation-Workspace\Agnes\node_modules\webdriverio\build\lib\webdriverio.js:540:32
    at _fulfilled (D:\TCOE\TCOE Practice\TCoE-Automation-Workspace\Agnes\node_modules\q\q.js:854:54)
    at self.promiseDispatch.done (D:\TCOE\TCOE Practice\TCoE-Automation-Workspace\Agnes\node_modules\q\q.js:883:30)
    at Promise.promise.promiseDispatch (D:\TCOE\TCOE Practice\TCoE-Automation-Workspace\Agnes\node_modules\q\q.js:816:13)
    at D:\TCOE\TCOE Practice\TCoE-Automation-Workspace\Agnes\node_modules\q\q.js:624:44
    at runSingle (D:\TCOE\TCOE Practice\TCoE-Automation-Workspace\Agnes\node_modules\q\q.js:137:13)
    at flush (D:\TCOE\TCOE Practice\TCoE-Automation-Workspace\Agnes\node_modules\q\q.js:125:13)
21:22:47.219 * Close Browser
21:22:47.285 ## Search on google page with term "@#$@FWFW@@#"
21:22:47.286 * Open "chrome" Browser

21:22:47.296 * Search term "@#$#@$@$@" and expect "Amazon.in" as first result on google page

21:22:55.022 
Failed Step: Search term "@#$#@$@$@" and expect "Amazon.in" as first result on google page
21:22:55.022 Error Message: Error: An element could not be located on the page using the given search parameters ("h3.r a").
21:22:55.022 Specification: specs\ui\google.search.md:12
21:22:55.022 Stacktrace: 
Error: An element could not be located on the page using the given search parameters ("h3.r a").
    at getText() - D:\TCOE\TCOE Practice\TCoE-Automation-Workspace\Agnes\ui_page_objects\googlehome.page.js:61:34
21:22:55.022 * Close Browser
21:22:55.240 Specifications:	1 executed	0 passed	1 failed	0 skipped
21:22:55.240 Scenarios:	2 executed	0 passed	2 failed	0 skipped
21:22:55.240 
Total time taken: 16.272s
21:22:55.240 Updates are available. Run `gauge update -c` for more info.
21:27:00.528 Gauge Install ID: c9f7b88c-dbac-431e-89f4-ecf3f0f51e43
21:27:01.298 Gathering metadata for html-plugin
21:27:02.834 Failed to download html-plugin-install.json file: Error downloading file: https://downloads.getgauge.io/plugin/html-plugin?l=js&p=html-report,java,js,screenshot&o=windows&a=amd64.
404 Not Found
21:27:02.837 Failed to update plugin 'html-plugin'.
Reason: Invalid plugin. Could not download html-plugin-install.json file.
21:27:22.190 Gauge Install ID: c9f7b88c-dbac-431e-89f4-ecf3f0f51e43
21:27:22.534 Gathering metadata for html-reports
21:27:23.928 Failed to download html-reports-install.json file: Error downloading file: https://downloads.getgauge.io/plugin/html-reports?l=js&p=html-report,java,js,screenshot&o=windows&a=amd64.
404 Not Found
21:27:23.931 Failed to update plugin 'html-reports'.
Reason: Invalid plugin. Could not download html-reports-install.json file.
21:27:30.435 Gauge Install ID: c9f7b88c-dbac-431e-89f4-ecf3f0f51e43
21:27:30.796 Gathering metadata for html-report
21:27:32.134 Plugin html-report 4.0.3 is already installed.
21:28:16.413 Gauge Install ID: c9f7b88c-dbac-431e-89f4-ecf3f0f51e43
21:28:17.455 The following specifications satisfy filter criteria:
21:28:17.456 specs\ui\google.search.md
21:28:18.200 Checking updates...
21:28:18.959 # Search terms on google
21:28:18.962 ## Search on google page with term "Amazon"
21:28:18.965 * Open "chrome" Browser

21:28:18.988 * Search term "Amazon" and expect "Amazon India" as first result on google page

21:28:26.362 
Failed Step: Search term "Amazon" and expect "Amazon India" as first result on google page
21:28:26.362 Error Message: AssertionError: expected 'Amazon India' to equal 'Amazon.in'
21:28:26.362 Specification: specs\ui\google.search.md:9
21:28:26.362 Stacktrace: 
AssertionError: expected 'Amazon India' to equal 'Amazon.in'
    at Object.<anonymous> (tests\google.search.step.js:42:25)
    at Object.exec (D:\TCOE\TCOE Practice\TCoE-Automation-Workspace\Agnes\node_modules\webdriverio\build\lib\helpers\safeExecute.js:28:24)
    at Object.resolve (D:\TCOE\TCOE Practice\TCoE-Automation-Workspace\Agnes\node_modules\webdriverio\build\lib\webdriverio.js:191:29)
    at D:\TCOE\TCOE Practice\TCoE-Automation-Workspace\Agnes\node_modules\webdriverio\build\lib\webdriverio.js:540:32
    at _fulfilled (D:\TCOE\TCOE Practice\TCoE-Automation-Workspace\Agnes\node_modules\q\q.js:854:54)
    at self.promiseDispatch.done (D:\TCOE\TCOE Practice\TCoE-Automation-Workspace\Agnes\node_modules\q\q.js:883:30)
    at Promise.promise.promiseDispatch (D:\TCOE\TCOE Practice\TCoE-Automation-Workspace\Agnes\node_modules\q\q.js:816:13)
    at D:\TCOE\TCOE Practice\TCoE-Automation-Workspace\Agnes\node_modules\q\q.js:624:44
    at runSingle (D:\TCOE\TCOE Practice\TCoE-Automation-Workspace\Agnes\node_modules\q\q.js:137:13)
    at flush (D:\TCOE\TCOE Practice\TCoE-Automation-Workspace\Agnes\node_modules\q\q.js:125:13)
21:28:26.362 * Close Browser
21:28:26.438 ## Search on google page with term "@#$@FWFW@@#"
21:28:26.439 * Open "chrome" Browser

21:28:26.444 * Search term "@#$#@$@$@" and expect "Amazon.in" as first result on google page

21:28:33.292 
Failed Step: Search term "@#$#@$@$@" and expect "Amazon.in" as first result on google page
21:28:33.292 Error Message: Error: An element could not be located on the page using the given search parameters ("h3.r a").
21:28:33.292 Specification: specs\ui\google.search.md:12
21:28:33.292 Stacktrace: 
Error: An element could not be located on the page using the given search parameters ("h3.r a").
    at getText() - D:\TCOE\TCOE Practice\TCoE-Automation-Workspace\Agnes\ui_page_objects\googlehome.page.js:61:34
21:28:33.292 * Close Browser
21:28:33.502 Plugin [Html Report] with pid [9872] has exited
21:28:33.603 Specifications:	1 executed	0 passed	1 failed	0 skipped
21:28:33.603 Scenarios:	2 executed	0 passed	2 failed	0 skipped
21:28:33.603 
Total time taken: 14.527s
21:28:33.603 Updates are available. Run `gauge update -c` for more info.
21:29:50.828 Gauge Install ID: c9f7b88c-dbac-431e-89f4-ecf3f0f51e43
21:29:52.394 The following specifications satisfy filter criteria:
21:29:52.394 specs\ui\google.search.md
21:29:53.432 Checking updates...
21:29:53.870 Error starting plugin Html Report 4.0.3. exec: "C:\\Users\\anup.manekar\\AppData\\Roaming\\gauge\\plugins\\html-report\\4.0.3\\bin\\html-report": file does not exist
21:29:53.878 # Search terms on google
21:29:53.882 ## Search on google page with term "Amazon"
21:29:53.884 * Open "chrome" Browser

21:29:53.910 * Search term "Amazon" and expect "Amazon India" as first result on google page

21:30:02.212 
Failed Step: Search term "Amazon" and expect "Amazon India" as first result on google page
21:30:02.212 Error Message: AssertionError: expected 'Amazon India' to equal 'Amazon.in'
21:30:02.212 Specification: specs\ui\google.search.md:9
21:30:02.212 Stacktrace: 
AssertionError: expected 'Amazon India' to equal 'Amazon.in'
    at Object.<anonymous> (tests\google.search.step.js:42:25)
    at Object.exec (D:\TCOE\TCOE Practice\TCoE-Automation-Workspace\Agnes\node_modules\webdriverio\build\lib\helpers\safeExecute.js:28:24)
    at Object.resolve (D:\TCOE\TCOE Practice\TCoE-Automation-Workspace\Agnes\node_modules\webdriverio\build\lib\webdriverio.js:191:29)
    at D:\TCOE\TCOE Practice\TCoE-Automation-Workspace\Agnes\node_modules\webdriverio\build\lib\webdriverio.js:540:32
    at _fulfilled (D:\TCOE\TCOE Practice\TCoE-Automation-Workspace\Agnes\node_modules\q\q.js:854:54)
    at self.promiseDispatch.done (D:\TCOE\TCOE Practice\TCoE-Automation-Workspace\Agnes\node_modules\q\q.js:883:30)
    at Promise.promise.promiseDispatch (D:\TCOE\TCOE Practice\TCoE-Automation-Workspace\Agnes\node_modules\q\q.js:816:13)
    at D:\TCOE\TCOE Practice\TCoE-Automation-Workspace\Agnes\node_modules\q\q.js:624:44
    at runSingle (D:\TCOE\TCOE Practice\TCoE-Automation-Workspace\Agnes\node_modules\q\q.js:137:13)
    at flush (D:\TCOE\TCOE Practice\TCoE-Automation-Workspace\Agnes\node_modules\q\q.js:125:13)
21:30:02.212 * Close Browser
21:30:02.319 ## Search on google page with term "@#$@FWFW@@#"
21:30:02.320 * Open "chrome" Browser

21:30:02.327 * Search term "@#$#@$@$@" and expect "Amazon.in" as first result on google page

21:30:14.913 
Failed Step: Search term "@#$#@$@$@" and expect "Amazon.in" as first result on google page
21:30:14.913 Error Message: Error: An element could not be located on the page using the given search parameters ("h3.r a").
21:30:14.913 Specification: specs\ui\google.search.md:12
21:30:14.913 Stacktrace: 
Error: An element could not be located on the page using the given search parameters ("h3.r a").
    at getText() - D:\TCOE\TCOE Practice\TCoE-Automation-Workspace\Agnes\ui_page_objects\googlehome.page.js:61:34
21:30:14.913 * Close Browser
21:30:15.146 Specifications:	1 executed	0 passed	1 failed	0 skipped
21:30:15.146 Scenarios:	2 executed	0 passed	2 failed	0 skipped
21:30:15.146 
Total time taken: 21.175s
21:30:15.146 Updates are available. Run `gauge update -c` for more info.
21:45:21.652 Gauge Install ID: c9f7b88c-dbac-431e-89f4-ecf3f0f51e43
21:45:23.065 The following specifications satisfy filter criteria:
21:45:23.065 specs\ui\google.search.md
21:45:23.639 Checking updates...
21:45:34.696 Error starting plugin Html Report 4.0.3. Failed to connect to plugin. Timed out connecting to [::]:57969
21:45:34.706 # Search terms on google
21:45:34.712 ## Search on google page with term "Amazon"
21:45:34.725 * Open "chrome" Browser

21:45:34.758 * Search term "Amazon" and expect "Amazon India" as first result on google page

21:45:45.868 
Failed Step: Search term "Amazon" and expect "Amazon India" as first result on google page
21:45:45.868 Error Message: AssertionError: expected 'Amazon India' to equal 'Amazon.in'
21:45:45.868 Specification: specs\ui\google.search.md:9
21:45:45.868 Stacktrace: 
AssertionError: expected 'Amazon India' to equal 'Amazon.in'
    at Object.<anonymous> (tests\google.search.step.js:42:25)
    at Object.exec (D:\TCOE\TCOE Practice\TCoE-Automation-Workspace\Agnes\node_modules\webdriverio\build\lib\helpers\safeExecute.js:28:24)
    at Object.resolve (D:\TCOE\TCOE Practice\TCoE-Automation-Workspace\Agnes\node_modules\webdriverio\build\lib\webdriverio.js:191:29)
    at D:\TCOE\TCOE Practice\TCoE-Automation-Workspace\Agnes\node_modules\webdriverio\build\lib\webdriverio.js:540:32
    at _fulfilled (D:\TCOE\TCOE Practice\TCoE-Automation-Workspace\Agnes\node_modules\q\q.js:854:54)
    at self.promiseDispatch.done (D:\TCOE\TCOE Practice\TCoE-Automation-Workspace\Agnes\node_modules\q\q.js:883:30)
    at Promise.promise.promiseDispatch (D:\TCOE\TCOE Practice\TCoE-Automation-Workspace\Agnes\node_modules\q\q.js:816:13)
    at D:\TCOE\TCOE Practice\TCoE-Automation-Workspace\Agnes\node_modules\q\q.js:624:44
    at runSingle (D:\TCOE\TCOE Practice\TCoE-Automation-Workspace\Agnes\node_modules\q\q.js:137:13)
    at flush (D:\TCOE\TCOE Practice\TCoE-Automation-Workspace\Agnes\node_modules\q\q.js:125:13)
21:45:45.868 * Close Browser
21:45:45.969 ## Search on google page with term "@#$@FWFW@@#"
21:45:45.970 * Open "chrome" Browser

21:45:45.978 * Search term "@#$#@$@$@" and expect "Amazon.in" as first result on google page

21:45:53.125 
Failed Step: Search term "@#$#@$@$@" and expect "Amazon.in" as first result on google page
21:45:53.125 Error Message: Error: An element could not be located on the page using the given search parameters ("h3.r a").
21:45:53.125 Specification: specs\ui\google.search.md:12
21:45:53.125 Stacktrace: 
Error: An element could not be located on the page using the given search parameters ("h3.r a").
    at getText() - D:\TCOE\TCOE Practice\TCoE-Automation-Workspace\Agnes\ui_page_objects\googlehome.page.js:61:34
21:45:53.125 * Close Browser
21:45:53.319 Specifications:	1 executed	0 passed	1 failed	0 skipped
21:45:53.320 Scenarios:	2 executed	0 passed	2 failed	0 skipped
21:45:53.320 
Total time taken: 28.704s
21:45:53.320 Updates are available. Run `gauge update -c` for more info.
21:47:31.835 Gauge Install ID: c9f7b88c-dbac-431e-89f4-ecf3f0f51e43
21:47:33.139 The following specifications satisfy filter criteria:
21:47:33.139 specs\ui\google.search.md
21:47:33.787 Checking updates...
21:47:34.795 # Search terms on google
21:47:34.798 ## Search on google page with term "Amazon"
21:47:34.801 * Open "chrome" Browser

21:47:34.827 * Search term "Amazon" and expect "Amazon India" as first result on google page

21:47:42.478 
Failed Step: Search term "Amazon" and expect "Amazon India" as first result on google page
21:47:42.478 Error Message: AssertionError: expected 'Amazon India' to equal 'Amazon.in'
21:47:42.478 Specification: specs\ui\google.search.md:9
21:47:42.478 Stacktrace: 
AssertionError: expected 'Amazon India' to equal 'Amazon.in'
    at Object.<anonymous> (tests\google.search.step.js:42:25)
    at Object.exec (D:\TCOE\TCOE Practice\TCoE-Automation-Workspace\Agnes\node_modules\webdriverio\build\lib\helpers\safeExecute.js:28:24)
    at Object.resolve (D:\TCOE\TCOE Practice\TCoE-Automation-Workspace\Agnes\node_modules\webdriverio\build\lib\webdriverio.js:191:29)
    at D:\TCOE\TCOE Practice\TCoE-Automation-Workspace\Agnes\node_modules\webdriverio\build\lib\webdriverio.js:540:32
    at _fulfilled (D:\TCOE\TCOE Practice\TCoE-Automation-Workspace\Agnes\node_modules\q\q.js:854:54)
    at self.promiseDispatch.done (D:\TCOE\TCOE Practice\TCoE-Automation-Workspace\Agnes\node_modules\q\q.js:883:30)
    at Promise.promise.promiseDispatch (D:\TCOE\TCOE Practice\TCoE-Automation-Workspace\Agnes\node_modules\q\q.js:816:13)
    at D:\TCOE\TCOE Practice\TCoE-Automation-Workspace\Agnes\node_modules\q\q.js:624:44
    at runSingle (D:\TCOE\TCOE Practice\TCoE-Automation-Workspace\Agnes\node_modules\q\q.js:137:13)
    at flush (D:\TCOE\TCOE Practice\TCoE-Automation-Workspace\Agnes\node_modules\q\q.js:125:13)
21:47:42.478 * Close Browser
21:47:42.599 ## Search on google page with term "@#$@FWFW@@#"
21:47:42.601 * Open "chrome" Browser

21:47:42.607 * Search term "@#$#@$@$@" and expect "Amazon.in" as first result on google page

21:47:49.714 
Failed Step: Search term "@#$#@$@$@" and expect "Amazon.in" as first result on google page
21:47:49.714 Error Message: Error: An element could not be located on the page using the given search parameters ("h3.r a").
21:47:49.714 Specification: specs\ui\google.search.md:12
21:47:49.714 Stacktrace: 
Error: An element could not be located on the page using the given search parameters ("h3.r a").
    at getText() - D:\TCOE\TCOE Practice\TCoE-Automation-Workspace\Agnes\ui_page_objects\googlehome.page.js:61:34
21:47:49.714 * Close Browser
21:47:50.188 Plugin [Html Report] with pid [6288] has exited
21:47:50.288 Specifications:	1 executed	0 passed	1 failed	0 skipped
21:47:50.289 Scenarios:	2 executed	0 passed	2 failed	0 skipped
21:47:50.289 
Total time taken: 15.248s
21:47:50.289 Updates are available. Run `gauge update -c` for more info.
21:48:52.734 Gauge Install ID: c9f7b88c-dbac-431e-89f4-ecf3f0f51e43
21:48:54.099 The following specifications satisfy filter criteria:
21:48:54.099 specs\ui\google.search.md
21:48:54.689 Checking updates...
21:48:55.537 # Search terms on google
21:48:55.540 ## Search on google page with term "Amazon"
21:48:55.543 * Open "chrome" Browser

21:48:55.568 * Search term "Amazon" and expect "Amazon.in" as first result on google page

21:49:04.031 * Close Browser
21:49:04.118 ## Search on google page with term "@#$@FWFW@@#"
21:49:04.119 * Open "chrome" Browser

21:49:04.126 * Search term "@#$#@$@$@" and expect "Amazon.in" as first result on google page

21:49:11.529 
Failed Step: Search term "@#$#@$@$@" and expect "Amazon.in" as first result on google page
21:49:11.529 Error Message: Error: An element could not be located on the page using the given search parameters ("h3.r a").
21:49:11.530 Specification: specs\ui\google.search.md:12
21:49:11.530 Stacktrace: 
Error: An element could not be located on the page using the given search parameters ("h3.r a").
    at getText() - D:\TCOE\TCOE Practice\TCoE-Automation-Workspace\Agnes\ui_page_objects\googlehome.page.js:61:34
21:49:11.530 * Close Browser
21:49:11.766 Plugin [Html Report] with pid [14204] has exited
21:49:11.867 Specifications:	1 executed	0 passed	1 failed	0 skipped
21:49:11.867 Scenarios:	2 executed	1 passed	1 failed	0 skipped
21:49:11.867 
Total time taken: 16.19s
21:49:11.867 Updates are available. Run `gauge update -c` for more info.
21:52:20.049 Gauge Install ID: c9f7b88c-dbac-431e-89f4-ecf3f0f51e43
21:52:21.610 The following specifications satisfy filter criteria:
21:52:21.610 specs\rest\posts.ws.md
21:52:22.570 Checking updates...
21:52:23.583 # Posts retrieval tests
21:52:23.586 ## Get posts with and without id
21:52:23.589 * Get posts and verify that response is non-null
21:52:25.206 * Get posts with "2" and verify that response is non-null

21:52:26.726 ## Add post successfully
21:52:26.729 * Add post from "add_post_test.json" and verify that response is non-null
21:52:29.278 Plugin [Html Report] with pid [8100] has exited
21:52:29.379 Specifications:	1 executed	1 passed	0 failed	0 skipped
21:52:29.379 Scenarios:	2 executed	2 passed	0 failed	0 skipped
21:52:29.379 
Total time taken: 5.65s
21:52:29.379 Updates are available. Run `gauge update -c` for more info.
13:52:30.940 Gauge Install ID: c9f7b88c-dbac-431e-89f4-ecf3f0f51e43
13:52:32.280 The following specifications satisfy filter criteria:
13:52:32.280 specs\ui\google.search.md
13:52:34.010 Checking updates...
13:52:34.434 # Search terms on google
13:52:34.437 ## Search on google page with term "Amazon"
13:52:34.440 * Open "chrome" Browser

13:52:34.467 * Search term "Amazon" and expect "Amazon.in" as first result on google page

13:52:48.760 * Close Browser
13:52:48.871 ## Search on google page with term "@#$@FWFW@@#"
13:52:48.873 * Open "chrome" Browser

13:52:48.879 * Search term "@#$#@$@$@" and expect "Amazon.in" as first result on google page

13:53:01.391 
Failed Step: Search term "@#$#@$@$@" and expect "Amazon.in" as first result on google page
13:53:01.391 Error Message: Error: An element could not be located on the page using the given search parameters ("h3.r a").
13:53:01.391 Specification: specs\ui\google.search.md:12
13:53:01.391 Stacktrace: 
Error: An element could not be located on the page using the given search parameters ("h3.r a").
    at getText() - D:\TCOE\TCOE_Practice\TCoE-Automation-Workspace\Agnes\ui_page_objects\googlehome.page.js:61:34
13:53:01.391 * Close Browser
13:53:01.622 Plugin [Html Report] with pid [5116] has exited
13:53:01.723 Specifications:	1 executed	0 passed	1 failed	0 skipped
13:53:01.723 Scenarios:	2 executed	1 passed	1 failed	0 skipped
13:53:01.723 
Total time taken: 27.168s
13:53:01.723 Updates are available. Run `gauge update -c` for more info.
